exception calling callback for <Future at 0x2aae6a927a90 state=finished raised FileNotFoundError>
concurrent.futures.process._RemoteTraceback: 
"""
Traceback (most recent call last):
  File "/opt/conda/envs/qsiprep/lib/python3.10/site-packages/nipype/pipeline/plugins/multiproc.py", line 66, in run_node
    result["result"] = node.run(updatehash=updatehash)
  File "/opt/conda/envs/qsiprep/lib/python3.10/site-packages/nipype/pipeline/engine/nodes.py", line 525, in run
    result = self._run_interface(execute=True)
  File "/opt/conda/envs/qsiprep/lib/python3.10/site-packages/nipype/pipeline/engine/nodes.py", line 643, in _run_interface
    return self._run_command(execute)
  File "/opt/conda/envs/qsiprep/lib/python3.10/site-packages/nipype/pipeline/engine/nodes.py", line 720, in _run_command
    result = self._interface.run(cwd=outdir, ignore_exception=True)
  File "/opt/conda/envs/qsiprep/lib/python3.10/site-packages/nipype/interfaces/base/core.py", line 392, in run
    self._check_mandatory_inputs()
  File "/opt/conda/envs/qsiprep/lib/python3.10/site-packages/nipype/interfaces/base/core.py", line 277, in _check_mandatory_inputs
    raise ValueError(msg)
ValueError: MergeDWIs requires a value for input 'bval_files'. For a list of required inputs, see MergeDWIs.help()

During handling of the above exception, another exception occurred:

Traceback (most recent call last):
  File "/opt/conda/envs/qsiprep/lib/python3.10/concurrent/futures/process.py", line 246, in _process_worker
    r = call_item.fn(*call_item.args, **call_item.kwargs)
  File "/opt/conda/envs/qsiprep/lib/python3.10/site-packages/nipype/pipeline/plugins/multiproc.py", line 69, in run_node
    result["result"] = node.result
  File "/opt/conda/envs/qsiprep/lib/python3.10/site-packages/nipype/pipeline/engine/nodes.py", line 221, in result
    return _load_resultfile(
  File "/opt/conda/envs/qsiprep/lib/python3.10/site-packages/nipype/pipeline/engine/utils.py", line 290, in load_resultfile
    raise FileNotFoundError(results_file)
FileNotFoundError: /work/qsiprep_1_0_wf/sub_24702_ses_1_wf/dwi_preproc_ses_1_dir_AP_run_01_part_mag_wf/pre_hmc_wf/merge_and_denoise_wf/merge_dwis/result_merge_dwis.pklz
"""

The above exception was the direct cause of the following exception:

Traceback (most recent call last):
  File "/opt/conda/envs/qsiprep/lib/python3.10/concurrent/futures/_base.py", line 342, in _invoke_callbacks
    callback(self)
  File "/opt/conda/envs/qsiprep/lib/python3.10/site-packages/nipype/pipeline/plugins/multiproc.py", line 158, in _async_callback
    result = args.result()
  File "/opt/conda/envs/qsiprep/lib/python3.10/concurrent/futures/_base.py", line 451, in result
    return self.__get_result()
  File "/opt/conda/envs/qsiprep/lib/python3.10/concurrent/futures/_base.py", line 403, in __get_result
    raise self._exception
FileNotFoundError: /work/qsiprep_1_0_wf/sub_24702_ses_1_wf/dwi_preproc_ses_1_dir_AP_run_01_part_mag_wf/pre_hmc_wf/merge_and_denoise_wf/merge_dwis/result_merge_dwis.pklz
